<?xml version="1.0" encoding="UTF-8"?>
<!-- Generated by org.testng.reporters.JUnitReportReporter -->
<testsuite hostname="DESKTOP-9G5CG2U" failures="0" tests="3" name="Testcases.First_testcases" time="0.017" errors="0" timestamp="2024-01-18T13:35:56 IST" skipped="0">
  <testcase classname="Testcases.First_testcases" name="setup" time="0.012"/>
  <testcase classname="Testcases.First_testcases" name="login" time="0.003"/>
  <testcase classname="Testcases.First_testcases" name="teardown" time="0.002"/>
</testsuite> <!-- Testcases.First_testcases -->
