<?xml version="1.0" encoding="UTF-8"?>
<!-- Generated by org.testng.reporters.JUnitReportReporter -->
<testsuite hostname="DESKTOP-9G5CG2U" failures="0" tests="4" name="Testcases.Secondtestcases2" time="0.008" errors="0" timestamp="2024-01-18T13:35:56 IST" skipped="0">
  <testcase classname="Testcases.Secondtestcases2" name="setup" time="0.002"/>
  <testcase classname="Testcases.Secondtestcases2" name="searchcustomer" time="0.003"/>
  <testcase classname="Testcases.Secondtestcases2" name="addcustomer" time="0.002"/>
  <testcase classname="Testcases.Secondtestcases2" name="teardown" time="0.001"/>
</testsuite> <!-- Testcases.Secondtestcases2 -->
