<?xml version="1.0" encoding="UTF-8"?>
<!-- Generated by org.testng.reporters.JUnitReportReporter -->
<testsuite hostname="DESKTOP-9G5CG2U" failures="0" tests="3" name="Testcases_1.grouping_test" time="0.021" errors="0" timestamp="2024-01-18T14:14:49 IST" skipped="0">
  <testcase classname="Testcases_1.grouping_test" name="test5" time="0.004"/>
  <testcase classname="Testcases_1.grouping_test" name="test2" time="0.015"/>
  <testcase classname="Testcases_1.grouping_test" name="test3" time="0.002"/>
</testsuite> <!-- Testcases_1.grouping_test -->
