<?xml version="1.0" encoding="UTF-8"?>
<!-- Generated by org.testng.reporters.JUnitReportReporter -->
<testsuite hostname="DESKTOP-9G5CG2U" failures="0" tests="2" name="Testcase_2.execution_sequence2" time="0.007" errors="0" timestamp="2024-01-18T13:44:46 IST" skipped="0">
  <testcase classname="Testcase_2.execution_sequence2" name="test3" time="0.004"/>
  <testcase classname="Testcase_2.execution_sequence2" name="test4" time="0.003"/>
</testsuite> <!-- Testcase_2.execution_sequence2 -->
