<?xml version="1.0" encoding="UTF-8"?>
<!-- Generated by org.testng.reporters.JUnitReportReporter -->
<testsuite hostname="DESKTOP-9G5CG2U" failures="0" tests="1" name="Testcases.Firsttestcases" time="0.010" errors="0" timestamp="2024-01-18T13:24:56 IST" skipped="0">
  <testcase classname="Testcases.Firsttestcases" name="test3" time="0.010"/>
</testsuite> <!-- Testcases.Firsttestcases -->
