<?xml version="1.0" encoding="UTF-8"?>
<!-- Generated by org.testng.reporters.JUnitReportReporter -->
<testsuite hostname="DESKTOP-9G5CG2U" failures="0" tests="2" name="generic.parallel_test" time="12.906" errors="0" timestamp="2024-01-18T18:10:11 IST" skipped="0">
  <testcase classname="generic.parallel_test" name="logotest" time="4.633"/>
  <testcase classname="generic.parallel_test" name="homepagetitle" time="8.273"/>
</testsuite> <!-- generic.parallel_test -->
