<?xml version="1.0" encoding="UTF-8"?>
<!-- Generated by org.testng.reporters.JUnitReportReporter -->
<testsuite hostname="DESKTOP-9G5CG2U" failures="0" tests="3" name="generic.dp" time="0.014" errors="0" timestamp="2024-01-18T17:53:28 IST" skipped="0">
  <testcase classname="generic.dp" name="testdata" time="0.010"/>
  <testcase classname="generic.dp" name="testdata" time="0.002"/>
  <testcase classname="generic.dp" name="testdata" time="0.002"/>
</testsuite> <!-- generic.dp -->
