<?xml version="1.0" encoding="UTF-8"?>
<!-- Generated by org.testng.reporters.JUnitReportReporter -->
<testsuite hostname="DESKTOP-9G5CG2U" failures="0" tests="2" name="generic.Assertion_in_testng" time="0.067" errors="0" timestamp="2024-01-18T17:35:13 IST" skipped="0">
  <testcase classname="generic.Assertion_in_testng" name="logintest" time="0.054"/>
  <testcase classname="generic.Assertion_in_testng" name="homepage" time="0.013"/>
</testsuite> <!-- generic.Assertion_in_testng -->
