<?xml version="1.0" encoding="UTF-8"?>
<!-- Generated by org.testng.reporters.JUnitReportReporter -->
<testsuite hostname="DESKTOP-9G5CG2U" failures="0" tests="5" name="Testcases_1.prioritizing_tset" time="0.006" errors="0" timestamp="2024-01-18T14:10:36 IST" skipped="1">
  <testcase classname="Testcases_1.prioritizing_tset" name="test1" time="0.002"/>
  <testcase classname="Testcases_1.prioritizing_tset" name="test2" time="0.001"/>
  <testcase classname="Testcases_1.prioritizing_tset" name="test3" time="0.002"/>
  <testcase classname="Testcases_1.prioritizing_tset" name="test3" time="0.001"/>
  <testcase classname="Testcases_1.prioritizing_tset" name="test4">
    <skipped/>
  </testcase> <!-- test4 -->
</testsuite> <!-- Testcases_1.prioritizing_tset -->
