<?xml version="1.0" encoding="UTF-8"?>
<!-- Generated by org.testng.reporters.JUnitReportReporter -->
<testsuite hostname="DESKTOP-9G5CG2U" failures="0" tests="3" name="Testcases_1.First_testcases" time="0.013" errors="0" timestamp="2024-01-18T13:45:16 IST" skipped="0">
  <testcase classname="Testcases_1.First_testcases" name="setup" time="0.010"/>
  <testcase classname="Testcases_1.First_testcases" name="login" time="0.002"/>
  <testcase classname="Testcases_1.First_testcases" name="teardown" time="0.001"/>
</testsuite> <!-- Testcases_1.First_testcases -->
